<?xml version="1.0" encoding="UTF-8"?>
<!-- Generated by org.testng.reporters.JUnitXMLReporter -->
<testsuite hostname="DESKTOP-3424B92" name="Test" tests="6" failures="0" timestamp="18 May 2019 21:06:14 GMT" time="0.047" errors="0">
  <testcase name="addcurrency" time="0.0" classname="testngwithXMLExcution.NewTest"/>
  <testcase name="addproduct" time="0.0" classname="testngwithXMLExcution.NewTest"/>
  <testcase name="addvendor" time="0.0" classname="testngwithXMLExcution.NewTest"/>
  <testcase name="deletecurrency" time="0.0" classname="testngwithXMLExcution.class2"/>
  <testcase name="deleteproduct" time="0.0" classname="testngwithXMLExcution.class2"/>
  <testcase name="deletevendor" time="0.0" classname="testngwithXMLExcution.class2"/>
</testsuite> <!-- Test -->
