<?xml version="1.0" encoding="UTF-8"?>
<testng-results skipped="0" failed="0" total="2" passed="2">
  <reporter-output>
  </reporter-output>
  <suite name="Default suite" duration-ms="12028" started-at="2019-05-18T22:00:43Z" finished-at="2019-05-18T22:00:55Z">
    <groups>
    </groups>
    <test name="Default test" duration-ms="12028" started-at="2019-05-18T22:00:43Z" finished-at="2019-05-18T22:00:55Z">
      <class name="testngwithXMLExcution.testcaseLaunchVerifyGmailYahoo">
        <test-method status="PASS" signature="launchbrowser()[pri:0, instance:testngwithXMLExcution.testcaseLaunchVerifyGmailYahoo@4520ebad]" name="launchbrowser" is-config="true" duration-ms="3391" started-at="2019-05-18T18:00:43Z" finished-at="2019-05-18T18:00:46Z">
          <reporter-output>
          </reporter-output>
        </test-method> <!-- launchbrowser -->
        <test-method status="PASS" signature="gmaillogin()[pri:0, instance:testngwithXMLExcution.testcaseLaunchVerifyGmailYahoo@4520ebad]" name="gmaillogin" duration-ms="1615" started-at="2019-05-18T18:00:46Z" finished-at="2019-05-18T18:00:48Z">
          <reporter-output>
          </reporter-output>
        </test-method> <!-- gmaillogin -->
        <test-method status="PASS" signature="closebrowser()[pri:0, instance:testngwithXMLExcution.testcaseLaunchVerifyGmailYahoo@4520ebad]" name="closebrowser" is-config="true" duration-ms="7" started-at="2019-05-18T18:00:48Z" finished-at="2019-05-18T18:00:48Z">
          <reporter-output>
          </reporter-output>
        </test-method> <!-- closebrowser -->
        <test-method status="PASS" signature="launchbrowser()[pri:0, instance:testngwithXMLExcution.testcaseLaunchVerifyGmailYahoo@4520ebad]" name="launchbrowser" is-config="true" duration-ms="2280" started-at="2019-05-18T18:00:48Z" finished-at="2019-05-18T18:00:50Z">
          <reporter-output>
          </reporter-output>
        </test-method> <!-- launchbrowser -->
        <test-method status="PASS" signature="yahoologin()[pri:0, instance:testngwithXMLExcution.testcaseLaunchVerifyGmailYahoo@4520ebad]" name="yahoologin" duration-ms="4595" started-at="2019-05-18T18:00:50Z" finished-at="2019-05-18T18:00:55Z">
          <reporter-output>
          </reporter-output>
        </test-method> <!-- yahoologin -->
        <test-method status="PASS" signature="closebrowser()[pri:0, instance:testngwithXMLExcution.testcaseLaunchVerifyGmailYahoo@4520ebad]" name="closebrowser" is-config="true" duration-ms="121" started-at="2019-05-18T18:00:55Z" finished-at="2019-05-18T18:00:55Z">
          <reporter-output>
          </reporter-output>
        </test-method> <!-- closebrowser -->
      </class> <!-- testngwithXMLExcution.testcaseLaunchVerifyGmailYahoo -->
    </test> <!-- Default test -->
  </suite> <!-- Default suite -->
</testng-results>
